Build started 02/03/2016 19:57:00.
     1>Project "D:\Uni Stuff\Visual Studio 2013\Projects\NBodyCUDA\nBody Problem CUDA\nBody Problem CUDA.vcxproj" on node 2 (Build target(s)).
     1>AddCudaCompileDeps:
         D:\Program Files (x86)\Microsoft Visual Studio 12.0\VC\bin\cl.exe /E /nologo /showIncludes /TP /D__CUDACC__ /DWIN32 /D_DEBUG /D_CONSOLE /D_MBCS /I"C:\Program Files\NVIDIA GPU Computing Toolkit\CUDA\v7.5\include" /I"C:\Program Files\NVIDIA GPU Computing Toolkit\CUDA\v7.5\bin" /I"C:\Program Files\NVIDIA GPU Computing Toolkit\CUDA\v7.5\include" /I. /FIcuda_runtime.h /c "D:\Uni Stuff\Visual Studio 2013\Projects\NBodyCUDA\nBody Problem CUDA\nBody_GPU.cu" 
       CudaBuild:
         Compiling CUDA source file nBody_GPU.cu...
         cmd.exe /C "C:\Users\RBrNx\AppData\Local\Temp\tmp4ce7c7aebbde46bb89e17debfd7b4367.cmd"
         "C:\Program Files\NVIDIA GPU Computing Toolkit\CUDA\v7.5\bin\nvcc.exe" -gencode=arch=compute_20,code=\"sm_20,compute_20\" --use-local-env --cl-version 2013 -ccbin "D:\Program Files (x86)\Microsoft Visual Studio 12.0\VC\bin"  -I"C:\Program Files\NVIDIA GPU Computing Toolkit\CUDA\v7.5\include" -I"C:\Program Files\NVIDIA GPU Computing Toolkit\CUDA\v7.5\include"  -G   --keep-dir Debug -maxrregcount=0  --machine 32 --compile -cudart static  -g   -DWIN32 -D_DEBUG -D_CONSOLE -D_MBCS -Xcompiler "/EHsc /W3 /nologo /Od /Zi /RTC1 /MDd " -o Debug\nBody_GPU.cu.obj "D:\Uni Stuff\Visual Studio 2013\Projects\NBodyCUDA\nBody Problem CUDA\nBody_GPU.cu"
         
         D:\Uni Stuff\Visual Studio 2013\Projects\NBodyCUDA\nBody Problem CUDA>"C:\Program Files\NVIDIA GPU Computing Toolkit\CUDA\v7.5\bin\nvcc.exe" -gencode=arch=compute_20,code=\"sm_20,compute_20\" --use-local-env --cl-version 2013 -ccbin "D:\Program Files (x86)\Microsoft Visual Studio 12.0\VC\bin"  -I"C:\Program Files\NVIDIA GPU Computing Toolkit\CUDA\v7.5\include" -I"C:\Program Files\NVIDIA GPU Computing Toolkit\CUDA\v7.5\include"  -G   --keep-dir Debug -maxrregcount=0  --machine 32 --compile -cudart static  -g   -DWIN32 -D_DEBUG -D_CONSOLE -D_MBCS -Xcompiler "/EHsc /W3 /nologo /Od /Zi /RTC1 /MDd " -o Debug\nBody_GPU.cu.obj "D:\Uni Stuff\Visual Studio 2013\Projects\NBodyCUDA\nBody Problem CUDA\nBody_GPU.cu" 
         nBody_GPU.cu
       Link:
         D:\Program Files (x86)\Microsoft Visual Studio 12.0\VC\bin\link.exe /ERRORREPORT:PROMPT /OUT:"D:\Uni Stuff\Visual Studio 2013\Projects\NBodyCUDA\nBody Problem CUDA\Debug\nBody Problem CUDA.exe" /INCREMENTAL /NOLOGO /LIBPATH:"C:\Program Files\NVIDIA GPU Computing Toolkit\CUDA\v7.5\lib\Win32" cudart.lib kernel32.lib user32.lib gdi32.lib winspool.lib comdlg32.lib advapi32.lib shell32.lib ole32.lib oleaut32.lib uuid.lib odbc32.lib odbccp32.lib kernel32.lib user32.lib gdi32.lib winspool.lib comdlg32.lib advapi32.lib shell32.lib ole32.lib oleaut32.lib uuid.lib odbc32.lib odbccp32.lib /MANIFEST /MANIFESTUAC:"level='asInvoker' uiAccess='false'" /manifest:embed /DEBUG /PDB:"D:\Uni Stuff\Visual Studio 2013\Projects\NBodyCUDA\nBody Problem CUDA\Debug\nBody Problem CUDA.pdb" /SUBSYSTEM:CONSOLE /TLBID:1 /DYNAMICBASE /NXCOMPAT /IMPLIB:"D:\Uni Stuff\Visual Studio 2013\Projects\NBodyCUDA\nBody Problem CUDA\Debug\nBody Problem CUDA.lib" /MACHINE:X86 Debug\nBody_GPU.cu.obj
         Debug\nBody_CPU.obj
         nBody Problem CUDA.vcxproj -> D:\Uni Stuff\Visual Studio 2013\Projects\NBodyCUDA\nBody Problem CUDA\Debug\nBody Problem CUDA.exe
       PostBuildEvent:
         echo copy "C:\Program Files\NVIDIA GPU Computing Toolkit\CUDA\v7.5\bin\cudart*.dll" "D:\Uni Stuff\Visual Studio 2013\Projects\NBodyCUDA\nBody Problem CUDA\Debug\"
         copy "C:\Program Files\NVIDIA GPU Computing Toolkit\CUDA\v7.5\bin\cudart*.dll" "D:\Uni Stuff\Visual Studio 2013\Projects\NBodyCUDA\nBody Problem CUDA\Debug\"
         :VCEnd
         copy "C:\Program Files\NVIDIA GPU Computing Toolkit\CUDA\v7.5\bin\cudart*.dll" "D:\Uni Stuff\Visual Studio 2013\Projects\NBodyCUDA\nBody Problem CUDA\Debug\"
         C:\Program Files\NVIDIA GPU Computing Toolkit\CUDA\v7.5\bin\cudart32_75.dll
         C:\Program Files\NVIDIA GPU Computing Toolkit\CUDA\v7.5\bin\cudart64_75.dll
                 2 file(s) copied.
     1>Done Building Project "D:\Uni Stuff\Visual Studio 2013\Projects\NBodyCUDA\nBody Problem CUDA\nBody Problem CUDA.vcxproj" (Build target(s)).

Build succeeded.

Time Elapsed 00:00:06.07
